Assembler report for DE10_Standard_GHRD
Sat Sep 02 16:04:39 2023
Quartus Prime Version 18.1.0 Build 625 09/12/2018 SJ Standard Edition


---------------------
; Table of Contents ;
---------------------
  1. Legal Notice
  2. Assembler Summary
  3. Assembler Settings
  4. Assembler Encrypted IP Cores Summary
  5. Assembler Generated Files
  6. Assembler Device Options: A:/whu/EI/Cyclone5DE10/project/osc/DE10_Standard_GHRD/output_files/DE10_Standard_GHRD.sof
  7. Assembler Messages



----------------
; Legal Notice ;
----------------
Copyright (C) 2018  Intel Corporation. All rights reserved.
Your use of Intel Corporation's design tools, logic functions 
and other software and tools, and its AMPP partner logic 
functions, and any output files from any of the foregoing 
(including device programming or simulation files), and any 
associated documentation or information are expressly subject 
to the terms and conditions of the Intel Program License 
Subscription Agreement, the Intel Quartus Prime License Agreement,
the Intel FPGA IP License Agreement, or other applicable license
agreement, including, without limitation, that your use is for
the sole purpose of programming logic devices manufactured by
Intel and sold by Intel or its authorized distributors.  Please
refer to the applicable agreement for further details.



+---------------------------------------------------------------+
; Assembler Summary                                             ;
+-----------------------+---------------------------------------+
; Assembler Status      ; Successful - Sat Sep 02 16:04:39 2023 ;
; Revision Name         ; DE10_Standard_GHRD                    ;
; Top-level Entity Name ; DE10_Standard_GHRD                    ;
; Family                ; Cyclone V                             ;
; Device                ; 5CSXFC6D6F31C6                        ;
+-----------------------+---------------------------------------+


+----------------------------------+
; Assembler Settings               ;
+--------+---------+---------------+
; Option ; Setting ; Default Value ;
+--------+---------+---------------+


+------------------------------------------------+
; Assembler Encrypted IP Cores Summary           ;
+--------+------------------------+--------------+
; Vendor ; IP Core Name           ; License Type ;
+--------+------------------------+--------------+
; Altera ; Signal Tap (6AF7 BCE1) ; Licensed     ;
; Altera ; Signal Tap (6AF7 BCEC) ; Licensed     ;
+--------+------------------------+--------------+


+-------------------------------------------------------------------------------------------+
; Assembler Generated Files                                                                 ;
+-------------------------------------------------------------------------------------------+
; File Name                                                                                 ;
+-------------------------------------------------------------------------------------------+
; A:/whu/EI/Cyclone5DE10/project/osc/DE10_Standard_GHRD/output_files/DE10_Standard_GHRD.sof ;
+-------------------------------------------------------------------------------------------+


+---------------------------------------------------------------------------------------------------------------------+
; Assembler Device Options: A:/whu/EI/Cyclone5DE10/project/osc/DE10_Standard_GHRD/output_files/DE10_Standard_GHRD.sof ;
+----------------+----------------------------------------------------------------------------------------------------+
; Option         ; Setting                                                                                            ;
+----------------+----------------------------------------------------------------------------------------------------+
; JTAG usercode  ; 0x06C2E761                                                                                         ;
; Checksum       ; 0x06C2E761                                                                                         ;
+----------------+----------------------------------------------------------------------------------------------------+


+--------------------+
; Assembler Messages ;
+--------------------+
Info: *******************************************************************
Info: Running Quartus Prime Assembler
    Info: Version 18.1.0 Build 625 09/12/2018 SJ Standard Edition
    Info: Processing started: Sat Sep 02 16:04:10 2023
Info: Command: quartus_asm --read_settings_files=off --write_settings_files=off DE10_Standard_GHRD -c DE10_Standard_GHRD
Info (115030): Assembler is generating device programming files
Info (11878): Hard Processor Subsystem configuration has not changed and a Preloader software update is not required
Info: Quartus Prime Assembler was successful. 0 errors, 0 warnings
    Info: Peak virtual memory: 5096 megabytes
    Info: Processing ended: Sat Sep 02 16:04:40 2023
    Info: Elapsed time: 00:00:30
    Info: Total CPU time (on all processors): 00:00:29


